<?xml version="1.0" encoding="UTF-8"?>
<Site BuildName="Darwin-c++"
	BuildStamp="20250617-0323-Experimental"
	Name="makis-MBP.lan"
	Generator="ctest-4.0.3"
	CompilerName="/usr/bin/c++"
	CompilerVersion="15.0.0.15000309"
	OSName="macOS"
	Hostname="makis-MBP.lan"
	OSRelease="14.3.1"
	OSVersion="23D60"
	OSPlatform="arm64"
	Is64Bits="1"
	VendorString="Apple"
	VendorID="Apple"
	FamilyID="0"
	ModelID="0"
	ModelName="Apple M1 Pro"
	ProcessorCacheSize="131072"
	NumberOfLogicalCPU="8"
	NumberOfPhysicalCPU="8"
	TotalVirtualMemory="11264"
	TotalPhysicalMemory="16384"
	LogicalProcessorsPerPhysical="8"
	ProcessorClockFrequency="0"
	>
	<Testing>
		<StartDateTime>Jun 17 00:16 EDT</StartDateTime>
		<StartTestTime>1750133789</StartTestTime>
		<TestList/>
		<EndDateTime>Jun 17 00:16 EDT</EndDateTime>
		<EndTestTime>1750133789</EndTestTime>
		<ElapsedMinutes>0</ElapsedMinutes>
	</Testing>
</Site>
